number,value,datetime_start,datetime_complete,duration,params_colsample_bytree,params_gamma,params_learning_rate,params_max_depth,params_min_child_weight,params_n_estimators,params_reg_alpha,params_reg_lambda,params_subsample,state
0,0.9962811591001142,2026-08-11 11:13:46.094802,2026-08-11 11:13:48.184135,0 days 00:00:02.089333,0.6232334448672797,0.7800932022121826,0.08960785365368121,10,6,350,0.6245760287469893,0.002570603566117598,0.662397808134481,COMPLETE
1,0.995763804471949,2026-08-11 11:13:48.186143,2026-08-11 11:13:50.555718,0 days 00:00:02.369575,0.6733618039413735,1.0616955533913808,0.18276027831785724,3,9,483,5.472429642032198e-06,0.00052821153945323,0.6727299868828402,COMPLETE
2,0.9961324542340417,2026-08-11 11:13:50.555718,2026-08-11 11:13:52.533266,0 days 00:00:01.977548,0.7824279936868144,1.4607232426760908,0.06252287916406217,5,2,373,0.1165691561324743,6.267062696005991e-07,0.7465447373174767,COMPLETE
3,0.9955064456721915,2026-08-11 11:13:52.533266,2026-08-11 11:13:55.107457,0 days 00:00:02.574191,0.9795542149013333,0.8526206184364576,0.011492999300221412,7,7,406,4.905556676028774,0.18861495878553936,0.6260206371941118,COMPLETE
4,0.9953214219930006,2026-08-11 11:13:55.107985,2026-08-11 11:13:57.156115,0 days 00:00:02.048130,0.6137554084460873,0.6101911742238941,0.07766184280392888,3,5,322,1.527156759251193,2.133142332373004e-06,0.798070764044508,COMPLETE
5,0.995654095462581,2026-08-11 11:13:57.156115,2026-08-11 11:13:59.427312,0 days 00:00:02.271197,0.9100531293444458,0.9242722776276352,0.04749239763680407,5,6,465,2.854239907497756,1.1309571585271483,0.9878338511058234,COMPLETE
6,0.9964284399278324,2026-08-11 11:13:59.427312,2026-08-11 11:14:02.949926,0 days 00:00:03.522614,0.7554709158757928,0.22613644455269033,0.01303561122512888,10,2,439,2.7678419414850017e-06,0.28749982347407854,0.7301321323053057,COMPLETE
7,0.9956534551348165,2026-08-11 11:14:02.949926,2026-08-11 11:14:05.088124,0 days 00:00:02.138198,0.9947547746402069,4.010984903770199,0.05082341959721458,5,2,343,0.08916674715636537,6.143857495033091e-07,0.6298202574719083,COMPLETE
8,0.9958753774766148,2026-08-11 11:14:05.088124,2026-08-11 11:14:06.522239,0 days 00:00:01.434115,0.7433862914177091,3.8563517334297286,0.08310795711416077,9,8,202,1.1036250149900698e-07,0.5860448217200517,0.6296178606936361,COMPLETE
9,0.9949907918968692,2026-08-11 11:14:06.522239,2026-08-11 11:14:09.156456,0 days 00:00:02.634217,0.8550229885420852,1.6259166101337352,0.012097379927033842,5,4,449,0.9658611176861268,0.0001778010520878397,0.8918424713352255,COMPLETE
10,0.9961327391256307,2026-08-11 11:14:09.156456,2026-08-11 11:14:12.813656,0 days 00:00:03.657200,0.7691005300077898,2.828065453407016,0.023289829963030428,8,10,585,0.00028185317575043605,5.2059404028917625e-08,0.8392701643962919,COMPLETE
11,0.9968700519203152,2026-08-11 11:14:12.814179,2026-08-11 11:14:15.141739,0 days 00:00:02.327560,0.6174428317012499,0.15689602475459427,0.17003049371529194,10,1,273,0.0011799577823345714,0.002114232397037538,0.7157343310557601,COMPLETE
12,0.996723242885019,2026-08-11 11:14:15.142741,2026-08-11 11:14:17.396920,0 days 00:00:02.254179,0.7134273905237329,0.10005204664906896,0.027983279812958096,10,1,228,0.0001855855438816641,0.020406347526056808,0.7299246238055185,COMPLETE
13,0.996539027982327,2026-08-11 11:14:17.396920,2026-08-11 11:14:19.569317,0 days 00:00:02.172397,0.6851460075537706,0.012638683916076782,0.19428670744587545,9,1,231,0.0011906205924620216,0.006990488242775538,0.7307630912278928,COMPLETE
14,0.996649114408808,2026-08-11 11:14:19.569317,2026-08-11 11:14:21.662993,0 days 00:00:02.093676,0.6783202726682215,2.067070498463564,0.028298393394119926,10,1,271,0.0013081486547028437,4.95750394600607e-05,0.7930941878659539,COMPLETE
15,0.9963906894519741,2026-08-11 11:14:21.662993,2026-08-11 11:14:23.992996,0 days 00:00:02.330003,0.7045089523386593,0.04249379728753813,0.02764873219964844,8,3,292,3.3664295654411355e-05,0.023835528711847923,0.695834348289019,COMPLETE
16,0.9965387731055306,2026-08-11 11:14:23.992996,2026-08-11 11:14:25.420696,0 days 00:00:01.427700,0.6006091477747284,2.3891287001945343,0.124988710010354,9,3,256,0.009866041565514957,1.680786546195353e-05,0.88115327303305,COMPLETE
17,0.995764428566167,2026-08-11 11:14:25.420696,2026-08-11 11:14:26.865426,0 days 00:00:01.444730,0.8424463618556588,3.132394567758081,0.03790790317220389,7,1,203,2.1219899323605756e-08,8.21825253745345,0.774439933428912,COMPLETE
18,0.9963547995139733,2026-08-11 11:14:26.865426,2026-08-11 11:14:29.084883,0 days 00:00:02.219457,0.6442893651910143,1.492792396653035,0.01844482500231796,10,3,287,4.49295759936952e-05,0.018775904144880038,0.8366070683982902,COMPLETE
19,0.9962803373476228,2026-08-11 11:14:29.084883,2026-08-11 11:14:30.926491,0 days 00:00:01.841608,0.8170309282184145,0.37077316969013996,0.13725189056131143,8,4,240,0.007672831595264468,0.0012101025585844918,0.6994450361317315,COMPLETE
20,0.9962069600441907,2026-08-11 11:14:30.926491,2026-08-11 11:14:32.985705,0 days 00:00:02.059214,0.7239253393947189,4.64051434116436,0.01680798135523983,9,1,311,1.0929728418573227e-06,0.08644742226801697,0.9614035607563236,COMPLETE
21,0.9963917525773196,2026-08-11 11:14:32.985705,2026-08-11 11:14:35.251974,0 days 00:00:02.266269,0.657577999535703,2.1498727945817766,0.0308974406987222,10,1,274,0.0009219097386463256,8.066487486769539e-05,0.7692419682225969,COMPLETE
22,0.9965020803416915,2026-08-11 11:14:35.252974,2026-08-11 11:14:37.532320,0 days 00:00:02.279346,0.6962831044441021,2.0728920161586095,0.03686274807234886,10,2,246,9.64457285223541e-05,1.938418664214207e-05,0.800800233135748,COMPLETE
23,0.9964646092656699,2026-08-11 11:14:37.532320,2026-08-11 11:14:39.692277,0 days 00:00:02.159957,0.6495852955909714,3.220363803988691,0.022694767645147204,9,1,267,0.007759968747625457,3.361709829584109e-05,0.7113614743891595,COMPLETE
24,0.996207518686255,2026-08-11 11:14:39.692277,2026-08-11 11:14:41.678303,0 days 00:00:01.986026,0.7201712179989437,1.3349298580778495,0.016252982006874417,10,2,215,0.0019294110565580363,0.0005539202839193354,0.8453421568016348,COMPLETE
25,0.99650182273447,2026-08-11 11:14:41.678303,2026-08-11 11:14:44.004130,0 days 00:00:02.325827,0.6366145260879494,0.5325886354744149,0.12005983130531364,9,3,315,0.04385401905260939,0.006653758380106236,0.7853835073841119,COMPLETE
26,0.9964279138280243,2026-08-11 11:14:44.004130,2026-08-11 11:14:46.699684,0 days 00:00:02.695554,0.6836850553115377,1.7467322761405737,0.04836764636797217,8,1,381,0.00017648932317341085,4.388414767769756e-06,0.6763793653746358,COMPLETE
27,0.9965387731055306,2026-08-11 11:14:46.699684,2026-08-11 11:14:49.047575,0 days 00:00:02.347891,0.7322378883717899,2.6031624718472535,0.03561524483289909,10,2,289,1.0314296180189605e-05,0.00014281654501740323,0.752332425595528,COMPLETE
28,0.9963906894519741,2026-08-11 11:14:49.047575,2026-08-11 11:14:53.219760,0 days 00:00:04.172185,0.799853493032687,1.1457735668872924,0.021330562841868204,7,4,595,0.00044516042660168773,3.668116183096266e-08,0.8095877665619184,COMPLETE
29,0.9965757207555507,2026-08-11 11:14:53.221768,2026-08-11 11:14:56.062716,0 days 00:00:02.840948,0.6185679691499265,0.6334893261358053,0.06826895633473602,9,1,348,0.023491647472418897,0.0025244715620066035,0.6607739259595657,COMPLETE
30,0.9963906894519741,2026-08-11 11:14:56.062716,2026-08-11 11:14:57.537791,0 days 00:00:01.475075,0.6313152659363134,3.618743387039345,0.09891699835479904,10,3,230,0.0027606799400197364,0.04539788998598264,0.928105658304223,COMPLETE
31,0.996539282821589,2026-08-11 11:14:57.539169,2026-08-11 11:15:00.343441,0 days 00:00:02.804272,0.6008443885836467,0.6175379600098968,0.06262132881989642,9,1,347,0.1390619535074652,0.0017928582141658264,0.7180489008346633,COMPLETE
32,0.9965759729023231,2026-08-11 11:15:00.343441,2026-08-11 11:15:02.964252,0 days 00:00:02.620811,0.6666752856246185,0.35090120996345486,0.16308733916834137,10,2,321,0.02634661620288407,0.005850443494561874,0.6618931474453762,COMPLETE
33,0.9966486207785512,2026-08-11 11:15:02.964252,2026-08-11 11:15:05.580609,0 days 00:00:02.616357,0.6704170095429418,0.27899092701267264,0.15909901589732403,10,2,309,0.2065489402076621,0.006884597507895862,0.6520469716981617,COMPLETE
34,0.9966858152894388,2026-08-11 11:15:05.580609,2026-08-11 11:15:07.393884,0 days 00:00:01.813275,0.6744412383690925,1.0816656475979702,0.15916740425832995,10,2,261,0.22059839820318664,0.0004572208356344118,0.7515677932509637,COMPLETE
35,0.9965015650893021,2026-08-11 11:15:07.393884,2026-08-11 11:15:09.293773,0 days 00:00:01.899889,0.7074390161855876,1.1049850868150333,0.11245254185681029,10,2,257,1.8791824160215825e-05,0.0006100821547124927,0.7578726408961515,COMPLETE
36,0.9961324542340417,2026-08-11 11:15:09.293773,2026-08-11 11:15:12.617481,0 days 00:00:03.323708,0.6756180801598936,1.8421178777246552,0.09476694755209075,9,5,556,0.4011187754572055,0.00022771732646626974,0.7386821081085221,COMPLETE
37,0.9962419865890502,2026-08-11 11:15:12.617481,2026-08-11 11:15:15.035752,0 days 00:00:02.418271,0.7583548252686989,0.9873926027811598,0.19868201386895226,8,1,376,6.865727594660676,3.3019214935986677e-06,0.6868522434572233,COMPLETE
38,0.996575468571639,2026-08-11 11:15:15.035752,2026-08-11 11:15:16.569916,0 days 00:00:01.534164,0.6250682222248016,1.246449932621061,0.1447413688911143,10,3,224,1.0724260240424127e-06,4.6739766194084606e-05,0.8166647541134223,COMPLETE
39,0.9963922839051687,2026-08-11 11:15:16.569916,2026-08-11 11:15:19.455586,0 days 00:00:02.885670,0.6540326134857987,0.8375544442133694,0.010245320786275307,10,2,275,0.0035175694117016406,3.9697067585756474e-07,0.6026446298492447,COMPLETE
40,0.9956531349001695,2026-08-11 11:15:19.457593,2026-08-11 11:15:22.192710,0 days 00:00:02.735117,0.7855970344474472,0.7412482671543525,0.04270925075174244,4,4,407,9.048858619142901e-05,1.0665519651042463e-05,0.7825597253977076,COMPLETE
41,0.9966124162309449,2026-08-11 11:15:22.193716,2026-08-11 11:15:24.976803,0 days 00:00:02.783087,0.6730694135131389,0.22827657370026072,0.16648728447443648,10,2,307,0.1349547523085663,0.12945336156083645,0.64127772365076,COMPLETE
42,0.9964271243876386,2026-08-11 11:15:24.976803,2026-08-11 11:15:27.647539,0 days 00:00:02.670736,0.6988569000943252,0.41044079479766926,0.16786067835024998,10,2,335,0.2896989027426294,0.003856394758774239,0.7151919485687266,COMPLETE
43,0.9967225188731357,2026-08-11 11:15:27.649545,2026-08-11 11:15:30.478630,0 days 00:00:02.829085,0.7343616925224079,0.03998603848802866,0.14978297735026636,9,1,297,2.4609302606375434,0.0003072060069208079,0.7467994438045645,COMPLETE
44,0.9964279138280243,2026-08-11 11:15:30.480638,2026-08-11 11:15:32.922818,0 days 00:00:02.442180,0.9440955517799986,0.7845712064465996,0.026703393032081132,9,1,254,0.7947432548469736,0.0011474285513699953,0.7476210517879297,COMPLETE
45,0.9966126656848306,2026-08-11 11:15:32.922818,2026-08-11 11:15:35.637229,0 days 00:00:02.714411,0.748652690100757,0.013072972086778156,0.10988634819592065,9,1,294,3.632911170628432,0.0002876797988299344,0.7275769520407371,COMPLETE
46,0.9962436473447742,2026-08-11 11:15:35.637229,2026-08-11 11:15:38.024577,0 days 00:00:02.387348,0.7095506122532349,0.12790843321385723,0.07948549876610006,8,8,275,2.0380898870571764,0.017850026123611022,0.7632232018273352,COMPLETE
47,0.9967225188731357,2026-08-11 11:15:38.024577,2026-08-11 11:15:39.901910,0 days 00:00:01.877333,0.7354074200627103,0.49438281593058975,0.13595545208624954,9,1,219,0.0004926809136539766,1.7497743484092418,0.8276089017400496,COMPLETE
48,0.9967220360207727,2026-08-11 11:15:39.901910,2026-08-11 11:15:41.693792,0 days 00:00:01.791882,0.7817382318819003,0.49507579579127714,0.14347473500588936,9,3,214,0.0005724221846803278,1.4959409023827082,0.8707075467647747,COMPLETE
49,0.9963173013184061,2026-08-11 11:15:41.693792,2026-08-11 11:15:43.257717,0 days 00:00:01.563925,0.8224382646384385,0.5156848583143456,0.13696698596001522,7,6,200,0.0006493513275448719,2.397004959220388,0.8676463947457146,COMPLETE